2025-06-23 12:03:23 - exelcior.config.manager - WARNING - Archivo de configuración database no encontrado, usando valores por defecto
2025-06-23 12:03:23 - exelcior.config.manager - WARNING - Archivo de configuración network no encontrado, usando valores por defecto
2025-06-23 12:03:23 - exelcior.config.manager - WARNING - Archivo de configuración stock no encontrado, usando valores por defecto
2025-06-23 12:03:23 - exelcior.config.manager - WARNING - Archivo de configuración user no encontrado, usando valores por defecto
2025-06-23 12:03:23 - exelcior.config.manager - INFO - Configuraciones cargadas exitosamente
2025-06-23 12:03:47 - exelcior.config.manager - WARNING - Archivo de configuración database no encontrado, usando valores por defecto
2025-06-23 12:03:47 - exelcior.config.manager - WARNING - Archivo de configuración network no encontrado, usando valores por defecto
2025-06-23 12:03:47 - exelcior.config.manager - WARNING - Archivo de configuración stock no encontrado, usando valores por defecto
2025-06-23 12:03:47 - exelcior.config.manager - WARNING - Archivo de configuración user no encontrado, usando valores por defecto
2025-06-23 12:03:47 - exelcior.config.manager - INFO - Configuraciones cargadas exitosamente
2025-06-23 12:04:03 - exelcior.config.manager - WARNING - Archivo de configuración database no encontrado, usando valores por defecto
2025-06-23 12:04:03 - exelcior.config.manager - WARNING - Archivo de configuración network no encontrado, usando valores por defecto
2025-06-23 12:04:03 - exelcior.config.manager - WARNING - Archivo de configuración stock no encontrado, usando valores por defecto
2025-06-23 12:04:03 - exelcior.config.manager - WARNING - Archivo de configuración user no encontrado, usando valores por defecto
2025-06-23 12:04:03 - exelcior.config.manager - INFO - Configuraciones cargadas exitosamente
2025-06-23 12:04:54 - exelcior.config.manager - WARNING - Archivo de configuración database no encontrado, usando valores por defecto
2025-06-23 12:04:54 - exelcior.config.manager - WARNING - Archivo de configuración network no encontrado, usando valores por defecto
2025-06-23 12:04:54 - exelcior.config.manager - WARNING - Archivo de configuración stock no encontrado, usando valores por defecto
2025-06-23 12:04:54 - exelcior.config.manager - WARNING - Archivo de configuración user no encontrado, usando valores por defecto
2025-06-23 12:04:54 - exelcior.config.manager - INFO - Configuraciones cargadas exitosamente
