2025-06-23 13:48:42 - exelcior.core.integrated_processor - INFO - Archivo cargado: 1 filas, 12 columnas
2025-06-23 13:48:42 - exelcior.core.integrated_processor - INFO - Aplicando transformación para modo: listados
2025-06-23 13:48:42 - exelcior.core.integrated_processor - INFO - Listados procesado: 1 registros
2025-06-23 13:49:00 - exelcior.core.integrated_processor - INFO - Archivo cargado: 5 filas, 55 columnas
2025-06-23 13:49:00 - exelcior.core.integrated_processor - INFO - Aplicando transformación para modo: fedex
2025-06-23 13:49:00 - exelcior.core.integrated_processor - INFO - FedEx procesado: 4 envíos, 5 bultos
2025-06-23 13:49:00 - exelcior.core.integrated_processor - WARNING - Columna Reference no encontrada para eliminar duplicados
2025-06-23 13:49:11 - exelcior.core.urbano_system - INFO - 🏢 Iniciando procesamiento urbano: C:/Users/Recepción 2/Downloads/192403809.xlsx
2025-06-23 13:49:12 - exelcior.core.urbano_system - INFO - Archivo urbano cargado: 29 filas, 12 columnas
2025-06-23 13:49:12 - exelcior.core.urbano_system - WARNING - ❌ Columnas faltantes: ['FECHA', 'CIUDAD']
2025-06-23 13:49:12 - exelcior.core.urbano_system - INFO - Detección urbana: {'is_urbano': False, 'confidence': 0.6, 'filename_match': True, 'structure_valid': False, 'missing_columns': ['FECHA', 'CIUDAD'], 'detected_pattern': 9}
2025-06-23 13:49:12 - exelcior.core.urbano_system - ERROR - ❌ Error en procesamiento urbano: Archivo no es urbano válido: {'is_urbano': False, 'confidence': 0.6, 'filename_match': True, 'structure_valid': False, 'missing_columns': ['FECHA', 'CIUDAD'], 'detected_pattern': 9}
2025-06-23 13:50:42 - exelcior.core.urbano_system - INFO - 🏢 Iniciando procesamiento urbano: C:/Users/Recepción 2/Downloads/192403809.xlsx
2025-06-23 13:50:42 - exelcior.core.urbano_system - INFO - Archivo urbano cargado: 29 filas, 12 columnas
2025-06-23 13:50:42 - exelcior.core.urbano_system - WARNING - ❌ Columnas faltantes: ['FECHA', 'CIUDAD']
2025-06-23 13:50:42 - exelcior.core.urbano_system - INFO - Detección urbana: {'is_urbano': False, 'confidence': 0.6, 'filename_match': True, 'structure_valid': False, 'missing_columns': ['FECHA', 'CIUDAD'], 'detected_pattern': 9}
2025-06-23 13:50:42 - exelcior.core.urbano_system - ERROR - ❌ Error en procesamiento urbano: Archivo no es urbano válido: {'is_urbano': False, 'confidence': 0.6, 'filename_match': True, 'structure_valid': False, 'missing_columns': ['FECHA', 'CIUDAD'], 'detected_pattern': 9}
2025-06-23 15:07:40 - exelcior.core.autoloader - INFO - Archivo más reciente encontrado: C:\Users\Recepción 2\Downloads\lista_doc_venta_20250623_120135.xlsx
2025-06-23 15:07:40 - exelcior.core.excel - INFO - Cargando archivo: C:\Users\Recepción 2\Downloads\lista_doc_venta_20250623_120135.xlsx
2025-06-23 15:07:42 - exelcior.core.excel - INFO - Archivo cargado exitosamente: 1 filas, 12 columnas
2025-06-23 15:09:04 - exelcior.core.integrated_processor - INFO - Archivo cargado: 1 filas, 12 columnas
2025-06-23 15:09:04 - exelcior.core.integrated_processor - INFO - Aplicando transformación para modo: listados
2025-06-23 15:09:04 - exelcior.core.integrated_processor - INFO - Listados procesado: 1 registros
2025-06-23 15:12:24 - exelcior.core.integrated_processor - INFO - Archivo cargado: 5 filas, 55 columnas
2025-06-23 15:12:24 - exelcior.core.integrated_processor - INFO - Aplicando transformación para modo: fedex
2025-06-23 15:12:24 - exelcior.core.integrated_processor - INFO - FedEx procesado: 4 envíos, 5 bultos
2025-06-23 15:12:24 - exelcior.core.integrated_processor - WARNING - Columna Reference no encontrada para eliminar duplicados
